{"C:\\Users\\franc\\Documents\\projects\\js-utility\\commitlint.config.cjs": {"path":"C:\\Users\\franc\\Documents\\projects\\js-utility\\commitlint.config.cjs","all":true,"statementMap":{"0":{"start":{"line":1,"column":0},"end":{"line":1,"column":63}}},"s":{"0":0},"branchMap":{"0":{"type":"branch","line":1,"loc":{"start":{"line":1,"column":0},"end":{"line":1,"column":63}},"locations":[{"start":{"line":1,"column":0},"end":{"line":1,"column":63}}]}},"b":{"0":[0]},"fnMap":{"0":{"name":"(empty-report)","decl":{"start":{"line":1,"column":0},"end":{"line":1,"column":63}},"loc":{"start":{"line":1,"column":0},"end":{"line":1,"column":63}},"line":1}},"f":{"0":0}}
,"C:\\Users\\franc\\Documents\\projects\\js-utility\\src\\index.ts": {"path":"C:\\Users\\franc\\Documents\\projects\\js-utility\\src\\index.ts","all":true,"statementMap":{"0":{"start":{"line":1,"column":0},"end":{"line":1,"column":23}},"1":{"start":{"line":2,"column":0},"end":{"line":2,"column":28}}},"s":{"0":0,"1":0},"branchMap":{"0":{"type":"branch","line":1,"loc":{"start":{"line":1,"column":0},"end":{"line":2,"column":28}},"locations":[{"start":{"line":1,"column":0},"end":{"line":2,"column":28}}]}},"b":{"0":[0]},"fnMap":{"0":{"name":"(empty-report)","decl":{"start":{"line":1,"column":0},"end":{"line":2,"column":28}},"loc":{"start":{"line":1,"column":0},"end":{"line":2,"column":28}},"line":1}},"f":{"0":0}}
,"C:\\Users\\franc\\Documents\\projects\\js-utility\\src\\arrays\\arraylable.ts": {"path":"C:\\Users\\franc\\Documents\\projects\\js-utility\\src\\arrays\\arraylable.ts","all":false,"statementMap":{"0":{"start":{"line":1,"column":0},"end":{"line":1,"column":60}},"1":{"start":{"line":2,"column":0},"end":{"line":2,"column":42}},"2":{"start":{"line":3,"column":0},"end":{"line":3,"column":1}}},"s":{"0":1,"1":11,"2":11},"branchMap":{"0":{"type":"branch","line":1,"loc":{"start":{"line":1,"column":7},"end":{"line":3,"column":1}},"locations":[{"start":{"line":1,"column":7},"end":{"line":3,"column":1}}]},"1":{"type":"branch","line":2,"loc":{"start":{"line":2,"column":28},"end":{"line":2,"column":40}},"locations":[{"start":{"line":2,"column":28},"end":{"line":2,"column":40}}]},"2":{"type":"branch","line":2,"loc":{"start":{"line":2,"column":32},"end":{"line":2,"column":42}},"locations":[{"start":{"line":2,"column":32},"end":{"line":2,"column":42}}]}},"b":{"0":[11],"1":[7],"2":[4]},"fnMap":{"0":{"name":"arraylable","decl":{"start":{"line":1,"column":7},"end":{"line":3,"column":1}},"loc":{"start":{"line":1,"column":7},"end":{"line":3,"column":1}},"line":1}},"f":{"0":11}}
,"C:\\Users\\franc\\Documents\\projects\\js-utility\\src\\arrays\\index.ts": {"path":"C:\\Users\\franc\\Documents\\projects\\js-utility\\src\\arrays\\index.ts","all":false,"statementMap":{"0":{"start":{"line":1,"column":0},"end":{"line":1,"column":28}},"1":{"start":{"line":2,"column":0},"end":{"line":2,"column":21}},"2":{"start":{"line":3,"column":0},"end":{"line":3,"column":23}}},"s":{"0":1,"1":1,"2":1},"branchMap":{},"b":{},"fnMap":{},"f":{}}
,"C:\\Users\\franc\\Documents\\projects\\js-utility\\src\\arrays\\sum.ts": {"path":"C:\\Users\\franc\\Documents\\projects\\js-utility\\src\\arrays\\sum.ts","all":false,"statementMap":{"0":{"start":{"line":1,"column":0},"end":{"line":1,"column":41}},"1":{"start":{"line":2,"column":0},"end":{"line":2,"column":0}},"2":{"start":{"line":3,"column":0},"end":{"line":3,"column":45}},"3":{"start":{"line":4,"column":0},"end":{"line":4,"column":62}},"4":{"start":{"line":5,"column":0},"end":{"line":5,"column":1}}},"s":{"0":1,"1":1,"2":1,"3":4,"4":4},"branchMap":{"0":{"type":"branch","line":3,"loc":{"start":{"line":3,"column":7},"end":{"line":5,"column":1}},"locations":[{"start":{"line":3,"column":7},"end":{"line":5,"column":1}}]},"1":{"type":"branch","line":4,"loc":{"start":{"line":4,"column":33},"end":{"line":4,"column":60}},"locations":[{"start":{"line":4,"column":33},"end":{"line":4,"column":60}}]}},"b":{"0":[4],"1":[11]},"fnMap":{"0":{"name":"sum","decl":{"start":{"line":3,"column":7},"end":{"line":5,"column":1}},"loc":{"start":{"line":3,"column":7},"end":{"line":5,"column":1}},"line":3}},"f":{"0":4}}
,"C:\\Users\\franc\\Documents\\projects\\js-utility\\src\\arrays\\sumBy.ts": {"path":"C:\\Users\\franc\\Documents\\projects\\js-utility\\src\\arrays\\sumBy.ts","all":false,"statementMap":{"0":{"start":{"line":1,"column":0},"end":{"line":1,"column":41}},"1":{"start":{"line":2,"column":0},"end":{"line":2,"column":0}},"2":{"start":{"line":3,"column":0},"end":{"line":3,"column":25}},"3":{"start":{"line":4,"column":0},"end":{"line":4,"column":18}},"4":{"start":{"line":5,"column":0},"end":{"line":5,"column":31}},"5":{"start":{"line":6,"column":0},"end":{"line":6,"column":11}},"6":{"start":{"line":7,"column":0},"end":{"line":7,"column":78}},"7":{"start":{"line":8,"column":0},"end":{"line":8,"column":1}}},"s":{"0":1,"1":1,"2":1,"3":1,"4":1,"5":1,"6":1,"7":1},"branchMap":{"0":{"type":"branch","line":3,"loc":{"start":{"line":3,"column":7},"end":{"line":8,"column":1}},"locations":[{"start":{"line":3,"column":7},"end":{"line":8,"column":1}}]},"1":{"type":"branch","line":7,"loc":{"start":{"line":7,"column":39},"end":{"line":7,"column":76}},"locations":[{"start":{"line":7,"column":39},"end":{"line":7,"column":76}}]}},"b":{"0":[1],"1":[3]},"fnMap":{"0":{"name":"sumBy","decl":{"start":{"line":3,"column":7},"end":{"line":8,"column":1}},"loc":{"start":{"line":3,"column":7},"end":{"line":8,"column":1}},"line":3}},"f":{"0":1}}
,"C:\\Users\\franc\\Documents\\projects\\js-utility\\src\\check\\index.ts": {"path":"C:\\Users\\franc\\Documents\\projects\\js-utility\\src\\check\\index.ts","all":false,"statementMap":{"0":{"start":{"line":1,"column":0},"end":{"line":1,"column":25}},"1":{"start":{"line":2,"column":0},"end":{"line":2,"column":26}},"2":{"start":{"line":3,"column":0},"end":{"line":3,"column":28}},"3":{"start":{"line":4,"column":0},"end":{"line":4,"column":35}},"4":{"start":{"line":5,"column":0},"end":{"line":5,"column":26}},"5":{"start":{"line":6,"column":0},"end":{"line":6,"column":26}},"6":{"start":{"line":7,"column":0},"end":{"line":7,"column":30}}},"s":{"0":1,"1":1,"2":1,"3":1,"4":1,"5":1,"6":1},"branchMap":{},"b":{},"fnMap":{},"f":{}}
,"C:\\Users\\franc\\Documents\\projects\\js-utility\\src\\check\\isEmpty.ts": {"path":"C:\\Users\\franc\\Documents\\projects\\js-utility\\src\\check\\isEmpty.ts","all":false,"statementMap":{"0":{"start":{"line":1,"column":0},"end":{"line":1,"column":31}},"1":{"start":{"line":2,"column":0},"end":{"line":2,"column":0}},"2":{"start":{"line":3,"column":0},"end":{"line":3,"column":99}},"3":{"start":{"line":4,"column":0},"end":{"line":4,"column":51}},"4":{"start":{"line":5,"column":0},"end":{"line":5,"column":78}},"5":{"start":{"line":6,"column":0},"end":{"line":6,"column":27}},"6":{"start":{"line":7,"column":0},"end":{"line":7,"column":21}},"7":{"start":{"line":8,"column":0},"end":{"line":8,"column":63}},"8":{"start":{"line":9,"column":0},"end":{"line":9,"column":31}},"9":{"start":{"line":10,"column":0},"end":{"line":10,"column":48}},"10":{"start":{"line":11,"column":0},"end":{"line":11,"column":1}}},"s":{"0":1,"1":1,"2":1,"3":1,"4":9,"5":7,"6":7,"7":9,"8":9,"9":4,"10":4},"branchMap":{"0":{"type":"branch","line":4,"loc":{"start":{"line":4,"column":7},"end":{"line":11,"column":1}},"locations":[{"start":{"line":4,"column":7},"end":{"line":11,"column":1}}]},"1":{"type":"branch","line":5,"loc":{"start":{"line":5,"column":25},"end":{"line":5,"column":67}},"locations":[{"start":{"line":5,"column":25},"end":{"line":5,"column":67}}]},"2":{"type":"branch","line":5,"loc":{"start":{"line":5,"column":67},"end":{"line":5,"column":78}},"locations":[{"start":{"line":5,"column":67},"end":{"line":5,"column":78}}]},"3":{"type":"branch","line":5,"loc":{"start":{"line":5,"column":74},"end":{"line":8,"column":36}},"locations":[{"start":{"line":5,"column":74},"end":{"line":8,"column":36}}]},"4":{"type":"branch","line":8,"loc":{"start":{"line":8,"column":26},"end":{"line":8,"column":63}},"locations":[{"start":{"line":8,"column":26},"end":{"line":8,"column":63}}]},"5":{"type":"branch","line":9,"loc":{"start":{"line":9,"column":20},"end":{"line":9,"column":31}},"locations":[{"start":{"line":9,"column":20},"end":{"line":9,"column":31}}]},"6":{"type":"branch","line":9,"loc":{"start":{"line":9,"column":27},"end":{"line":11,"column":1}},"locations":[{"start":{"line":9,"column":27},"end":{"line":11,"column":1}}]}},"b":{"0":[9],"1":[8],"2":[2],"3":[7],"4":[3],"5":[3],"6":[4]},"fnMap":{"0":{"name":"isEmpty","decl":{"start":{"line":4,"column":7},"end":{"line":11,"column":1}},"loc":{"start":{"line":4,"column":7},"end":{"line":11,"column":1}},"line":4}},"f":{"0":9}}
,"C:\\Users\\franc\\Documents\\projects\\js-utility\\src\\check\\isFunction.ts": {"path":"C:\\Users\\franc\\Documents\\projects\\js-utility\\src\\check\\isFunction.ts","all":false,"statementMap":{"0":{"start":{"line":1,"column":0},"end":{"line":1,"column":51}},"1":{"start":{"line":2,"column":0},"end":{"line":2,"column":0}},"2":{"start":{"line":3,"column":0},"end":{"line":3,"column":69}},"3":{"start":{"line":4,"column":0},"end":{"line":4,"column":36}},"4":{"start":{"line":5,"column":0},"end":{"line":5,"column":1}}},"s":{"0":1,"1":1,"2":1,"3":8,"4":8},"branchMap":{"0":{"type":"branch","line":3,"loc":{"start":{"line":3,"column":26},"end":{"line":5,"column":1}},"locations":[{"start":{"line":3,"column":26},"end":{"line":5,"column":1}}]}},"b":{"0":[8]},"fnMap":{"0":{"name":"isFunction","decl":{"start":{"line":3,"column":26},"end":{"line":5,"column":1}},"loc":{"start":{"line":3,"column":26},"end":{"line":5,"column":1}},"line":3}},"f":{"0":8}}
,"C:\\Users\\franc\\Documents\\projects\\js-utility\\src\\check\\isNullOrUndefined.ts": {"path":"C:\\Users\\franc\\Documents\\projects\\js-utility\\src\\check\\isNullOrUndefined.ts","all":false,"statementMap":{"0":{"start":{"line":1,"column":0},"end":{"line":1,"column":41}},"1":{"start":{"line":2,"column":0},"end":{"line":2,"column":0}},"2":{"start":{"line":3,"column":0},"end":{"line":3,"column":82}},"3":{"start":{"line":4,"column":0},"end":{"line":4,"column":46}},"4":{"start":{"line":5,"column":0},"end":{"line":5,"column":1}}},"s":{"0":1,"1":1,"2":1,"3":7,"4":7},"branchMap":{"0":{"type":"branch","line":3,"loc":{"start":{"line":3,"column":33},"end":{"line":5,"column":1}},"locations":[{"start":{"line":3,"column":33},"end":{"line":5,"column":1}}]},"1":{"type":"branch","line":4,"loc":{"start":{"line":4,"column":19},"end":{"line":4,"column":46}},"locations":[{"start":{"line":4,"column":19},"end":{"line":4,"column":46}}]}},"b":{"0":[7],"1":[6]},"fnMap":{"0":{"name":"isNullOrUndefined","decl":{"start":{"line":3,"column":33},"end":{"line":5,"column":1}},"loc":{"start":{"line":3,"column":33},"end":{"line":5,"column":1}},"line":3}},"f":{"0":7}}
,"C:\\Users\\franc\\Documents\\projects\\js-utility\\src\\check\\isNumber.ts": {"path":"C:\\Users\\franc\\Documents\\projects\\js-utility\\src\\check\\isNumber.ts","all":false,"statementMap":{"0":{"start":{"line":1,"column":0},"end":{"line":1,"column":31}},"1":{"start":{"line":2,"column":0},"end":{"line":2,"column":0}},"2":{"start":{"line":3,"column":0},"end":{"line":3,"column":59}},"3":{"start":{"line":4,"column":0},"end":{"line":4,"column":35}},"4":{"start":{"line":5,"column":0},"end":{"line":5,"column":1}}},"s":{"0":1,"1":1,"2":1,"3":19,"4":19},"branchMap":{"0":{"type":"branch","line":3,"loc":{"start":{"line":3,"column":7},"end":{"line":5,"column":1}},"locations":[{"start":{"line":3,"column":7},"end":{"line":5,"column":1}}]}},"b":{"0":[19]},"fnMap":{"0":{"name":"isNumber","decl":{"start":{"line":3,"column":7},"end":{"line":5,"column":1}},"loc":{"start":{"line":3,"column":7},"end":{"line":5,"column":1}},"line":3}},"f":{"0":19}}
,"C:\\Users\\franc\\Documents\\projects\\js-utility\\src\\check\\isObject.ts": {"path":"C:\\Users\\franc\\Documents\\projects\\js-utility\\src\\check\\isObject.ts","all":false,"statementMap":{"0":{"start":{"line":1,"column":0},"end":{"line":1,"column":31}},"1":{"start":{"line":2,"column":0},"end":{"line":2,"column":0}},"2":{"start":{"line":3,"column":0},"end":{"line":3,"column":79}},"3":{"start":{"line":4,"column":0},"end":{"line":4,"column":35}},"4":{"start":{"line":5,"column":0},"end":{"line":5,"column":1}}},"s":{"0":1,"1":1,"2":1,"3":6,"4":6},"branchMap":{"0":{"type":"branch","line":3,"loc":{"start":{"line":3,"column":24},"end":{"line":5,"column":1}},"locations":[{"start":{"line":3,"column":24},"end":{"line":5,"column":1}}]}},"b":{"0":[6]},"fnMap":{"0":{"name":"isObject","decl":{"start":{"line":3,"column":24},"end":{"line":5,"column":1}},"loc":{"start":{"line":3,"column":24},"end":{"line":5,"column":1}},"line":3}},"f":{"0":6}}
,"C:\\Users\\franc\\Documents\\projects\\js-utility\\src\\check\\isObjectLike.ts": {"path":"C:\\Users\\franc\\Documents\\projects\\js-utility\\src\\check\\isObjectLike.ts","all":false,"statementMap":{"0":{"start":{"line":1,"column":0},"end":{"line":1,"column":26}},"1":{"start":{"line":2,"column":0},"end":{"line":2,"column":0}},"2":{"start":{"line":3,"column":0},"end":{"line":3,"column":32}},"3":{"start":{"line":4,"column":0},"end":{"line":4,"column":0}},"4":{"start":{"line":5,"column":0},"end":{"line":5,"column":53}},"5":{"start":{"line":6,"column":0},"end":{"line":6,"column":0}},"6":{"start":{"line":7,"column":0},"end":{"line":7,"column":70}},"7":{"start":{"line":8,"column":0},"end":{"line":8,"column":10}},"8":{"start":{"line":9,"column":0},"end":{"line":9,"column":31}},"9":{"start":{"line":10,"column":0},"end":{"line":10,"column":33}},"10":{"start":{"line":11,"column":0},"end":{"line":11,"column":28}},"11":{"start":{"line":12,"column":0},"end":{"line":12,"column":30}},"12":{"start":{"line":13,"column":0},"end":{"line":13,"column":3}},"13":{"start":{"line":14,"column":0},"end":{"line":14,"column":1}}},"s":{"0":1,"1":1,"2":1,"3":1,"4":1,"5":1,"6":1,"7":9,"8":9,"9":8,"10":7,"11":6,"12":9,"13":9},"branchMap":{"0":{"type":"branch","line":7,"loc":{"start":{"line":7,"column":7},"end":{"line":14,"column":1}},"locations":[{"start":{"line":7,"column":7},"end":{"line":14,"column":1}}]},"1":{"type":"branch","line":9,"loc":{"start":{"line":9,"column":23},"end":{"line":10,"column":33}},"locations":[{"start":{"line":9,"column":23},"end":{"line":10,"column":33}}]},"2":{"type":"branch","line":10,"loc":{"start":{"line":10,"column":23},"end":{"line":11,"column":28}},"locations":[{"start":{"line":10,"column":23},"end":{"line":11,"column":28}}]},"3":{"type":"branch","line":11,"loc":{"start":{"line":11,"column":24},"end":{"line":12,"column":30}},"locations":[{"start":{"line":11,"column":24},"end":{"line":12,"column":30}}]}},"b":{"0":[9],"1":[8],"2":[7],"3":[6]},"fnMap":{"0":{"name":"isObjectLike","decl":{"start":{"line":7,"column":7},"end":{"line":14,"column":1}},"loc":{"start":{"line":7,"column":7},"end":{"line":14,"column":1}},"line":7}},"f":{"0":9}}
,"C:\\Users\\franc\\Documents\\projects\\js-utility\\src\\check\\isString.ts": {"path":"C:\\Users\\franc\\Documents\\projects\\js-utility\\src\\check\\isString.ts","all":false,"statementMap":{"0":{"start":{"line":1,"column":0},"end":{"line":1,"column":18}},"1":{"start":{"line":2,"column":0},"end":{"line":2,"column":86}}},"s":{"0":1,"1":1},"branchMap":{"0":{"type":"branch","line":2,"loc":{"start":{"line":2,"column":24},"end":{"line":2,"column":86}},"locations":[{"start":{"line":2,"column":24},"end":{"line":2,"column":86}}]}},"b":{"0":[40]},"fnMap":{"0":{"name":"isString","decl":{"start":{"line":2,"column":24},"end":{"line":2,"column":86}},"loc":{"start":{"line":2,"column":24},"end":{"line":2,"column":86}},"line":2}},"f":{"0":40}}
,"C:\\Users\\franc\\Documents\\projects\\js-utility\\src\\misc\\index.ts": {"path":"C:\\Users\\franc\\Documents\\projects\\js-utility\\src\\misc\\index.ts","all":false,"statementMap":{"0":{"start":{"line":1,"column":0},"end":{"line":1,"column":24}}},"s":{"0":1},"branchMap":{},"b":{},"fnMap":{},"f":{}}
,"C:\\Users\\franc\\Documents\\projects\\js-utility\\src\\misc\\typeOf.ts": {"path":"C:\\Users\\franc\\Documents\\projects\\js-utility\\src\\misc\\typeOf.ts","all":false,"statementMap":{"0":{"start":{"line":1,"column":0},"end":{"line":1,"column":49}},"1":{"start":{"line":2,"column":0},"end":{"line":2,"column":47}},"2":{"start":{"line":3,"column":0},"end":{"line":3,"column":1}}},"s":{"0":1,"1":55,"2":55},"branchMap":{"0":{"type":"branch","line":1,"loc":{"start":{"line":1,"column":7},"end":{"line":3,"column":1}},"locations":[{"start":{"line":1,"column":7},"end":{"line":3,"column":1}}]},"1":{"type":"branch","line":2,"loc":{"start":{"line":2,"column":19},"end":{"line":2,"column":35}},"locations":[{"start":{"line":2,"column":19},"end":{"line":2,"column":35}}]},"2":{"type":"branch","line":2,"loc":{"start":{"line":2,"column":26},"end":{"line":2,"column":47}},"locations":[{"start":{"line":2,"column":26},"end":{"line":2,"column":47}}]}},"b":{"0":[55],"1":[5],"2":[50]},"fnMap":{"0":{"name":"typeOf","decl":{"start":{"line":1,"column":7},"end":{"line":3,"column":1}},"loc":{"start":{"line":1,"column":7},"end":{"line":3,"column":1}},"line":1}},"f":{"0":55}}
,"C:\\Users\\franc\\Documents\\projects\\js-utility\\src\\validators\\index.ts": {"path":"C:\\Users\\franc\\Documents\\projects\\js-utility\\src\\validators\\index.ts","all":true,"statementMap":{"0":{"start":{"line":1,"column":0},"end":{"line":1,"column":25}},"1":{"start":{"line":2,"column":0},"end":{"line":2,"column":36}},"2":{"start":{"line":3,"column":0},"end":{"line":3,"column":28}}},"s":{"0":0,"1":0,"2":0},"branchMap":{"0":{"type":"branch","line":1,"loc":{"start":{"line":1,"column":0},"end":{"line":3,"column":28}},"locations":[{"start":{"line":1,"column":0},"end":{"line":3,"column":28}}]}},"b":{"0":[0]},"fnMap":{"0":{"name":"(empty-report)","decl":{"start":{"line":1,"column":0},"end":{"line":3,"column":28}},"loc":{"start":{"line":1,"column":0},"end":{"line":3,"column":28}},"line":1}},"f":{"0":0}}
,"C:\\Users\\franc\\Documents\\projects\\js-utility\\src\\validators\\isEmail.ts": {"path":"C:\\Users\\franc\\Documents\\projects\\js-utility\\src\\validators\\isEmail.ts","all":false,"statementMap":{"0":{"start":{"line":1,"column":0},"end":{"line":1,"column":43}},"1":{"start":{"line":2,"column":0},"end":{"line":2,"column":0}},"2":{"start":{"line":3,"column":0},"end":{"line":3,"column":58}},"3":{"start":{"line":4,"column":0},"end":{"line":4,"column":70}},"4":{"start":{"line":5,"column":0},"end":{"line":5,"column":57}},"5":{"start":{"line":6,"column":0},"end":{"line":6,"column":1}}},"s":{"0":1,"1":1,"2":1,"3":12,"4":12,"5":12},"branchMap":{"0":{"type":"branch","line":3,"loc":{"start":{"line":3,"column":7},"end":{"line":6,"column":1}},"locations":[{"start":{"line":3,"column":7},"end":{"line":6,"column":1}}]},"1":{"type":"branch","line":5,"loc":{"start":{"line":5,"column":23},"end":{"line":5,"column":52}},"locations":[{"start":{"line":5,"column":23},"end":{"line":5,"column":52}}]},"2":{"type":"branch","line":5,"loc":{"start":{"line":5,"column":48},"end":{"line":5,"column":57}},"locations":[{"start":{"line":5,"column":48},"end":{"line":5,"column":57}}]}},"b":{"0":[12],"1":[7],"2":[5]},"fnMap":{"0":{"name":"IsEmail","decl":{"start":{"line":3,"column":7},"end":{"line":6,"column":1}},"loc":{"start":{"line":3,"column":7},"end":{"line":6,"column":1}},"line":3}},"f":{"0":12}}
,"C:\\Users\\franc\\Documents\\projects\\js-utility\\src\\validators\\isValidPhoneNumber.ts": {"path":"C:\\Users\\franc\\Documents\\projects\\js-utility\\src\\validators\\isValidPhoneNumber.ts","all":false,"statementMap":{"0":{"start":{"line":1,"column":0},"end":{"line":1,"column":43}},"1":{"start":{"line":2,"column":0},"end":{"line":2,"column":43}},"2":{"start":{"line":3,"column":0},"end":{"line":3,"column":0}},"3":{"start":{"line":4,"column":0},"end":{"line":4,"column":35}},"4":{"start":{"line":5,"column":0},"end":{"line":5,"column":17}},"5":{"start":{"line":6,"column":0},"end":{"line":6,"column":25}},"6":{"start":{"line":7,"column":0},"end":{"line":7,"column":20}},"7":{"start":{"line":8,"column":0},"end":{"line":8,"column":29}},"8":{"start":{"line":9,"column":0},"end":{"line":9,"column":51}},"9":{"start":{"line":10,"column":0},"end":{"line":10,"column":36}},"10":{"start":{"line":11,"column":0},"end":{"line":11,"column":39}},"11":{"start":{"line":12,"column":0},"end":{"line":12,"column":31}},"12":{"start":{"line":13,"column":0},"end":{"line":13,"column":1}}},"s":{"0":1,"1":1,"2":1,"3":1,"4":8,"5":8,"6":8,"7":8,"8":8,"9":8,"10":8,"11":2,"12":2},"branchMap":{"0":{"type":"branch","line":4,"loc":{"start":{"line":4,"column":7},"end":{"line":13,"column":1}},"locations":[{"start":{"line":4,"column":7},"end":{"line":13,"column":1}}]},"1":{"type":"branch","line":9,"loc":{"start":{"line":9,"column":37},"end":{"line":9,"column":51}},"locations":[{"start":{"line":9,"column":37},"end":{"line":9,"column":51}}]},"2":{"type":"branch","line":10,"loc":{"start":{"line":10,"column":24},"end":{"line":10,"column":36}},"locations":[{"start":{"line":10,"column":24},"end":{"line":10,"column":36}}]},"3":{"type":"branch","line":10,"loc":{"start":{"line":10,"column":31},"end":{"line":11,"column":34}},"locations":[{"start":{"line":10,"column":31},"end":{"line":11,"column":34}}]},"4":{"type":"branch","line":11,"loc":{"start":{"line":11,"column":27},"end":{"line":11,"column":39}},"locations":[{"start":{"line":11,"column":27},"end":{"line":11,"column":39}}]},"5":{"type":"branch","line":11,"loc":{"start":{"line":11,"column":34},"end":{"line":13,"column":1}},"locations":[{"start":{"line":11,"column":34},"end":{"line":13,"column":1}}]}},"b":{"0":[8],"1":[0],"2":[3],"3":[5],"4":[3],"5":[2]},"fnMap":{"0":{"name":"isValidPhoneNumber","decl":{"start":{"line":4,"column":7},"end":{"line":13,"column":1}},"loc":{"start":{"line":4,"column":7},"end":{"line":13,"column":1}},"line":4}},"f":{"0":8}}
,"C:\\Users\\franc\\Documents\\projects\\js-utility\\src\\validators\\isValidURL.ts": {"path":"C:\\Users\\franc\\Documents\\projects\\js-utility\\src\\validators\\isValidURL.ts","all":false,"statementMap":{"0":{"start":{"line":1,"column":0},"end":{"line":1,"column":43}},"1":{"start":{"line":2,"column":0},"end":{"line":2,"column":0}},"2":{"start":{"line":3,"column":0},"end":{"line":3,"column":58}},"3":{"start":{"line":4,"column":0},"end":{"line":4,"column":90}},"4":{"start":{"line":5,"column":0},"end":{"line":5,"column":55}},"5":{"start":{"line":6,"column":0},"end":{"line":6,"column":1}}},"s":{"0":1,"1":1,"2":1,"3":14,"4":14,"5":14},"branchMap":{"0":{"type":"branch","line":3,"loc":{"start":{"line":3,"column":7},"end":{"line":6,"column":1}},"locations":[{"start":{"line":3,"column":7},"end":{"line":6,"column":1}}]},"1":{"type":"branch","line":5,"loc":{"start":{"line":5,"column":23},"end":{"line":5,"column":50}},"locations":[{"start":{"line":5,"column":23},"end":{"line":5,"column":50}}]},"2":{"type":"branch","line":5,"loc":{"start":{"line":5,"column":46},"end":{"line":5,"column":55}},"locations":[{"start":{"line":5,"column":46},"end":{"line":5,"column":55}}]}},"b":{"0":[14],"1":[9],"2":[5]},"fnMap":{"0":{"name":"isValidURL","decl":{"start":{"line":3,"column":7},"end":{"line":6,"column":1}},"loc":{"start":{"line":3,"column":7},"end":{"line":6,"column":1}},"line":3}},"f":{"0":14}}
}
